<?xml version="1.0" encoding="UTF-8"?>
<!-- Generated by org.testng.reporters.JUnitReportReporter -->
<testsuite hostname="Sireesha" failures="0" tests="12" name="com.tutorialsninja.qa.testcase.Login2somechangesTest" time="156.751" errors="0" timestamp="2023-06-17T13:03:23 IST" skipped="0">
  <testcase classname="com.tutorialsninja.qa.testcase.Login2somechangesTest" name="verifyLoginWithValidCredentials" time="14.063"/>
  <system-out/>
  <testcase classname="com.tutorialsninja.qa.testcase.Login2somechangesTest" name="verifyLoginWithValidCredentials" time="13.224"/>
  <system-out/>
  <testcase classname="com.tutorialsninja.qa.testcase.Login2somechangesTest" name="verifyLoginWithValidCredentials" time="11.957"/>
  <system-out/>
  <testcase classname="com.tutorialsninja.qa.testcase.Login2somechangesTest" name="verifyLoginWithInvalidcredentials" time="11.063"/>
  <system-out/>
  <testcase classname="com.tutorialsninja.qa.testcase.Login2somechangesTest" name="verifyLoginWithInvalidcredentials" time="12.769"/>
  <system-out/>
  <testcase classname="com.tutorialsninja.qa.testcase.Login2somechangesTest" name="verifyLoginWithInvalidcredentials" time="10.851"/>
  <system-out/>
  <testcase classname="com.tutorialsninja.qa.testcase.Login2somechangesTest" name="verifyLoginWithInvalidEmailAndValidPassword" time="14.625"/>
  <system-out/>
  <testcase classname="com.tutorialsninja.qa.testcase.Login2somechangesTest" name="verifyLoginWithInvalidEmailAndValidPassword" time="13.011"/>
  <system-out/>
  <testcase classname="com.tutorialsninja.qa.testcase.Login2somechangesTest" name="verifyLoginWithInvalidEmailAndValidPassword" time="12.942"/>
  <system-out/>
  <testcase classname="com.tutorialsninja.qa.testcase.Login2somechangesTest" name="verifyLoginWithNoValues" time="13.137"/>
  <system-out/>
  <testcase classname="com.tutorialsninja.qa.testcase.Login2somechangesTest" name="verifyLoginWithNoValues" time="12.552"/>
  <system-out/>
  <testcase classname="com.tutorialsninja.qa.testcase.Login2somechangesTest" name="verifyLoginWithNoValues" time="16.557"/>
  <system-out/>
</testsuite> <!-- com.tutorialsninja.qa.testcase.Login2somechangesTest -->
