<?xml version="1.0" encoding="UTF-8"?>
<!-- Generated by org.testng.reporters.JUnitReportReporter -->
<testsuite hostname="Sireesha" failures="0" tests="4" name="com.tutorialsninja.qa.testcase.Login" time="20.770" errors="0" timestamp="2023-06-12T12:02:30 IST" skipped="0">
  <testcase classname="com.tutorialsninja.qa.testcase.Login" name="verifyLoginWithInvalidpassword" time="6.403"/>
  <system-out/>
  <testcase classname="com.tutorialsninja.qa.testcase.Login" name="verifyLoginWithValidCredentials" time="5.021"/>
  <system-out/>
  <testcase classname="com.tutorialsninja.qa.testcase.Login" name="verifyLoginWithInvalidcredentials" time="4.710"/>
  <system-out/>
  <testcase classname="com.tutorialsninja.qa.testcase.Login" name="verifyLoginWithNoValues" time="4.636"/>
  <system-out/>
</testsuite> <!-- com.tutorialsninja.qa.testcase.Login -->
