<?xml version="1.0" encoding="UTF-8"?>
<!-- Generated by org.testng.reporters.JUnitReportReporter -->
<testsuite hostname="Sireesha" failures="0" tests="12" name="com.tutorialsninja.qa.testcase.Login2somechanges" time="157.024" errors="0" timestamp="2023-06-16T21:18:48 IST" skipped="0">
  <testcase classname="com.tutorialsninja.qa.testcase.Login2somechanges" name="verifyLoginWithValidCredentials" time="9.910"/>
  <system-out/>
  <testcase classname="com.tutorialsninja.qa.testcase.Login2somechanges" name="verifyLoginWithValidCredentials" time="11.326"/>
  <system-out/>
  <testcase classname="com.tutorialsninja.qa.testcase.Login2somechanges" name="verifyLoginWithValidCredentials" time="11.920"/>
  <system-out/>
  <testcase classname="com.tutorialsninja.qa.testcase.Login2somechanges" name="verifyLoginWithInvalidcredentials" time="13.070"/>
  <system-out/>
  <testcase classname="com.tutorialsninja.qa.testcase.Login2somechanges" name="verifyLoginWithInvalidcredentials" time="11.087"/>
  <system-out/>
  <testcase classname="com.tutorialsninja.qa.testcase.Login2somechanges" name="verifyLoginWithInvalidcredentials" time="17.752"/>
  <system-out/>
  <testcase classname="com.tutorialsninja.qa.testcase.Login2somechanges" name="verifyLoginWithInvalidEmailAndValidPassword" time="11.307"/>
  <system-out/>
  <testcase classname="com.tutorialsninja.qa.testcase.Login2somechanges" name="verifyLoginWithInvalidEmailAndValidPassword" time="15.813"/>
  <system-out/>
  <testcase classname="com.tutorialsninja.qa.testcase.Login2somechanges" name="verifyLoginWithInvalidEmailAndValidPassword" time="13.873"/>
  <system-out/>
  <testcase classname="com.tutorialsninja.qa.testcase.Login2somechanges" name="verifyLoginWithNoValues" time="15.157"/>
  <system-out/>
  <testcase classname="com.tutorialsninja.qa.testcase.Login2somechanges" name="verifyLoginWithNoValues" time="12.167"/>
  <system-out/>
  <testcase classname="com.tutorialsninja.qa.testcase.Login2somechanges" name="verifyLoginWithNoValues" time="13.642"/>
  <system-out/>
</testsuite> <!-- com.tutorialsninja.qa.testcase.Login2somechanges -->
