<?xml version="1.0" encoding="UTF-8"?>
<!-- Generated by org.testng.reporters.JUnitReportReporter -->
<testsuite hostname="Sireesha" failures="0" tests="3" name="com.tutorialsninja.qa.testcase.RigsterTest" time="30.705" errors="0" timestamp="2023-06-17T13:03:23 IST" skipped="0">
  <testcase classname="com.tutorialsninja.qa.testcase.RigsterTest" name="verifyRegisterAnAccountWithMandatoryFields" time="9.627"/>
  <system-out/>
  <testcase classname="com.tutorialsninja.qa.testcase.RigsterTest" name="verifyRegisteringAccountByProvidingAllFields" time="9.669"/>
  <system-out/>
  <testcase classname="com.tutorialsninja.qa.testcase.RigsterTest" name="verifyRegisteringAccountWithExtistingEmailAddreess" time="11.409"/>
  <system-out/>
</testsuite> <!-- com.tutorialsninja.qa.testcase.RigsterTest -->
