<?xml version="1.0" encoding="UTF-8"?>
<!-- Generated by org.testng.reporters.JUnitReportReporter -->
<testsuite hostname="Sireesha" failures="0" tests="4" name="expectedresults.Login2somechanges" time="44.282" errors="0" timestamp="2023-06-12T15:53:33 IST" skipped="0">
  <testcase classname="expectedresults.Login2somechanges" name="verifyLoginWithInvalidpassword" time="13.522"/>
  <system-out/>
  <testcase classname="expectedresults.Login2somechanges" name="verifyLoginWithValidCredentials" time="8.550"/>
  <system-out/>
  <testcase classname="expectedresults.Login2somechanges" name="verifyLoginWithInvalidcredentials" time="11.808"/>
  <system-out/>
  <testcase classname="expectedresults.Login2somechanges" name="verifyLoginWithNoValues" time="10.402"/>
  <system-out/>
</testsuite> <!-- expectedresults.Login2somechanges -->
